============================= test session starts =============================
platform win32 -- Python 3.12.9, pytest-9.1.1, pluggy-1.6.0 -- C:\Users\david\Desktop\Projects\gaming-mcp\.venv\Scripts\python.exe
cachedir: .pytest_cache
rootdir: C:\Users\david\Desktop\Projects\gaming-mcp
configfile: pyproject.toml
plugins: anyio-4.15.1, asyncio-1.4.0, cov-7.1.0
asyncio: mode=Mode.AUTO, debug=False, asyncio_default_fixture_loop_scope=None, asyncio_default_test_loop_scope=function
collecting ... collected 19 items

tests/test_adapters/test_gymnasium.py::test_gymnasium_adapter_metadata PASSED [  5%]
tests/test_adapters/test_gymnasium.py::test_gymnasium_initialization_simulated_mode PASSED [ 10%]
tests/test_adapters/test_gymnasium.py::test_gymnasium_custom_environment_injection PASSED [ 15%]
tests/test_adapters/test_gymnasium.py::test_simulated_cartpole_reset_and_determinism PASSED [ 21%]
tests/test_adapters/test_gymnasium.py::test_simulated_cartpole_step_physics PASSED [ 26%]
tests/test_adapters/test_gymnasium.py::test_simulated_cartpole_termination_and_truncation PASSED [ 31%]
tests/test_adapters/test_gymnasium.py::test_simulated_cartpole_invalid_actions PASSED [ 36%]
tests/test_adapters/test_gymnasium.py::test_simulated_cartpole_rendering PASSED [ 42%]
tests/test_adapters/test_gymnasium.py::test_adapter_tool_spaces PASSED   [ 47%]
tests/test_adapters/test_gymnasium.py::test_adapter_tool_reset_and_step_cycle PASSED [ 52%]
tests/test_adapters/test_gymnasium.py::test_adapter_tool_render_png_and_jpeg PASSED [ 57%]
tests/test_adapters/test_gymnasium.py::test_adapter_resources_and_prompts PASSED [ 63%]
tests/test_adapters/test_gymnasium.py::test_adapter_reactive_subscriptions PASSED [ 68%]
tests/test_adapters/test_gymnasium.py::test_adapter_error_handling_uninitialized PASSED [ 73%]
tests/test_adapters/test_gymnasium.py::test_adapter_error_handling_unreset_or_invalid_action PASSED [ 78%]
tests/test_adapters/test_gymnasium.py::test_probe_gymnasium_backend_modes PASSED [ 84%]
tests/test_adapters/test_gymnasium.py::test_native_gymnasium_initialization_fallback PASSED [ 89%]
tests/test_adapters/test_gymnasium.py::test_native_gymnasium_wrapper_step_and_spaces PASSED [ 94%]
tests/test_adapters/test_gymnasium.py::test_gymnasium_adapter_in_router_and_server PASSED [100%]

============================= 19 passed in 0.75s ==============================
