============================= test session starts =============================
platform win32 -- Python 3.12.9, pytest-9.1.1, pluggy-1.6.0
rootdir: C:\Users\david\Desktop\Projects\gaming-mcp
configfile: pyproject.toml
testpaths: tests
plugins: anyio-4.15.1, asyncio-1.4.0, cov-7.1.0
asyncio: mode=Mode.AUTO, debug=False, asyncio_default_fixture_loop_scope=None, asyncio_default_test_loop_scope=function
collected 89 items

tests\test_adapters\test_computer_use.py .....                           [  5%]
tests\test_adapters\test_minecraft.py .......                            [ 13%]
tests\test_adapters\test_router.py ......                                [ 20%]
tests\test_cancellation.py ...                                           [ 23%]
tests\test_io\test_audio.py .....                                        [ 29%]
tests\test_io\test_curves.py .......                                     [ 37%]
tests\test_io\test_gamepad.py .....                                      [ 42%]
tests\test_io\test_image.py ....                                         [ 47%]
tests\test_io\test_input.py .....                                        [ 52%]
tests\test_io\test_process.py ....                                       [ 57%]
tests\test_io\test_screen.py ....                                        [ 61%]
tests\test_io\test_security.py ....                                      [ 66%]
tests\test_io\test_timing.py .....                                       [ 71%]
tests\test_io\test_vision.py ....                                        [ 76%]
tests\test_registries.py .....                                           [ 82%]
tests\test_scaffolding.py ..........                                     [ 93%]
tests\test_server.py ......                                              [100%]

=============================== tests coverage ================================
_______________ coverage: platform win32, python 3.12.9-final-0 _______________

Name                                      Stmts   Miss  Cover   Missing
-----------------------------------------------------------------------
src\gaming_mcp\__init__.py                    1      0   100%
src\gaming_mcp\__main__.py                   39     17    56%   76-93, 97
src\gaming_mcp\adapters\__init__.py           5      0   100%
src\gaming_mcp\adapters\base.py              31      0   100%
src\gaming_mcp\adapters\computer_use.py     288     55    81%   284, 290-291, 301, 307, 313, 315-322, 328, 334, 349-351, 364, 368-369, 380-383, 395-399, 533, 538-542, 545-553, 558, 580, 582, 586, 615, 639, 674, 700, 734, 742-744, 774, 818-819, 866, 878, 883
src\gaming_mcp\adapters\minecraft.py        394    104    74%   150, 152, 209-210, 217, 220, 240-246, 259-264, 272-273, 299-300, 329-335, 342, 347-348, 353-354, 393-395, 400-401, 409, 420, 424-426, 455-459, 463, 479-480, 491-495, 500, 507-513, 520-522, 525-526, 530-560, 564-568, 607, 610, 626, 790, 815, 838, 861, 884, 906, 928, 949-953, 969, 975, 981
src\gaming_mcp\adapters\router.py           103      8    92%   66-69, 89-90, 158-159
src\gaming_mcp\config.py                     94      2    98%   256, 269
src\gaming_mcp\core\__init__.py               2      0   100%
src\gaming_mcp\core\cancellation.py          42      1    98%   65
src\gaming_mcp\core\exceptions.py            45      0   100%
src\gaming_mcp\core\registries.py           147      7    95%   111, 238-248, 260, 268, 329
src\gaming_mcp\io\__init__.py                 9      0   100%
src\gaming_mcp\io\audio.py                  148     37    75%   58, 81-89, 98-100, 104-105, 143-147, 157-158, 180-182, 216-217, 233-249
src\gaming_mcp\io\gamepad.py                176     11    94%   154-161, 217, 235-236, 245-246, 277, 318
src\gaming_mcp\io\input.py                  295     54    82%   242-245, 267, 272-275, 280-282, 312-320, 330-331, 335, 355-356, 360, 396-404, 409-410, 426-427, 433-435, 440, 446, 450-452, 468, 499-500, 526-527, 555, 608-609, 614-615
src\gaming_mcp\io\process.py                191     34    82%   161, 165, 173, 180, 204, 216, 238, 273-287, 296-297, 302, 307-310, 314-319, 323, 327-328
src\gaming_mcp\io\screen.py                 312     47    85%   124-127, 133, 147-150, 177, 191-192, 205, 218, 236, 252, 274-277, 286, 314-323, 326-329, 332, 348, 394, 424, 507-508, 545-547, 561-562, 565-566, 599
src\gaming_mcp\io\security.py               155     18    88%   71, 79, 126, 177-178, 190, 200-201, 206-207, 215-217, 226-227, 244-245, 249, 284
src\gaming_mcp\io\timing.py                 116     22    81%   75-76, 80-81, 168-170, 174-175, 177-178, 180-181, 183-186, 192-193, 195, 197, 210
src\gaming_mcp\io\vision.py                  55      3    95%   41, 43, 145
src\gaming_mcp\server.py                    119     12    90%   50-52, 84-91, 98-99, 178-179, 255
src\gaming_mcp\skills\__init__.py             0      0   100%
src\gaming_mcp\utils\__init__.py              4      0   100%
src\gaming_mcp\utils\curves.py               90      2    98%   123, 199
src\gaming_mcp\utils\image.py                81     10    88%   35-36, 59-60, 81-86, 99
src\gaming_mcp\utils\logging.py              30      0   100%
-----------------------------------------------------------------------
TOTAL                                      2972    444    85%
============================= 89 passed in 8.69s ==============================
