============================= test session starts =============================
platform win32 -- Python 3.12.9, pytest-9.1.1, pluggy-1.6.0 -- C:\Users\david\Desktop\Projects\gaming-mcp\.venv\Scripts\python.exe
cachedir: .pytest_cache
rootdir: C:\Users\david\Desktop\Projects\gaming-mcp
configfile: pyproject.toml
plugins: anyio-4.15.1, asyncio-1.4.0, cov-7.1.0
asyncio: mode=Mode.AUTO, debug=False, asyncio_default_fixture_loop_scope=None, asyncio_default_test_loop_scope=function
collecting ... collected 0 items / 1 error

=================================== ERRORS ====================================
___________ ERROR collecting tests/test_adapters/test_minecraft.py ____________
ImportError while importing test module 'C:\Users\david\Desktop\Projects\gaming-mcp\tests\test_adapters\test_minecraft.py'.
Hint: make sure your test modules/packages have valid Python names.
Traceback:
..\..\..\AppData\Local\Programs\Python\Python312\Lib\importlib\__init__.py:90: in import_module
    return _bootstrap._gcd_import(name[level:], package, level)
           ^^^^^^^^^^^^^^^^^^^^^^^^^^^^^^^^^^^^^^^^^^^^^^^^^^^^
tests\test_adapters\test_minecraft.py:11: in <module>
    from gaming_mcp.adapters.minecraft import (
src\gaming_mcp\adapters\__init__.py:4: in <module>
    from gaming_mcp.adapters.computer_use import ComputerUseAdapter
src\gaming_mcp\adapters\computer_use.py:15: in <module>
    import numpy as np
.venv\Lib\site-packages\numpy\__init__.py:122: in <module>
    from numpy.__config__ import show_config
.venv\Lib\site-packages\numpy\__config__.py:4: in <module>
    from numpy._core._multiarray_umath import (
.venv\Lib\site-packages\numpy\_core\__init__.py:24: in <module>
    from . import multiarray
.venv\Lib\site-packages\numpy\_core\multiarray.py:11: in <module>
    from . import _multiarray_umath, overrides
E   ImportError: cannot load module more than once per process
=========================== short test summary info ===========================
ERROR tests/test_adapters/test_minecraft.py
!!!!!!!!!!!!!!!!!!! Interrupted: 1 error during collection !!!!!!!!!!!!!!!!!!!!
============================== 1 error in 0.25s ===============================
