============================= test session starts =============================
platform win32 -- Python 3.12.9, pytest-9.1.1, pluggy-1.6.0 -- C:\Users\david\Desktop\Projects\gaming-mcp\.venv\Scripts\python.exe
cachedir: .pytest_cache
rootdir: C:\Users\david\Desktop\Projects\gaming-mcp
configfile: pyproject.toml
testpaths: tests
plugins: anyio-4.15.1, asyncio-1.4.0, cov-7.1.0
asyncio: mode=Mode.AUTO, debug=False, asyncio_default_fixture_loop_scope=None, asyncio_default_test_loop_scope=function
collecting ... collected 10 items

tests/test_scaffolding.py::test_package_version PASSED                   [ 10%]
tests/test_scaffolding.py::test_default_configuration PASSED             [ 20%]
tests/test_scaffolding.py::test_config_loader_from_file PASSED           [ 30%]
tests/test_scaffolding.py::test_config_loader_env_override PASSED        [ 40%]
tests/test_scaffolding.py::test_cli_argument_parsing PASSED              [ 50%]
tests/test_scaffolding.py::test_typed_exceptions_jsonrpc_mapping PASSED  [ 60%]
tests/test_scaffolding.py::test_structured_logger_formatting PASSED      [ 70%]
tests/test_scaffolding.py::test_structured_formatter_record_fields PASSED [ 80%]
tests/test_scaffolding.py::test_unstructured_logger PASSED               [ 90%]
tests/test_scaffolding.py::test_async_main PASSED                        [100%]

=============================== tests coverage ================================
_______________ coverage: platform win32, python 3.12.9-final-0 _______________

Name                                  Stmts   Miss  Cover   Missing
-------------------------------------------------------------------
src\gaming_mcp\__init__.py                1      0   100%
src\gaming_mcp\__main__.py               36     17    53%   73-90, 94
src\gaming_mcp\adapters\__init__.py       0      0   100%
src\gaming_mcp\config.py                 77      2    97%   177, 190
src\gaming_mcp\core\__init__.py           2      0   100%
src\gaming_mcp\core\exceptions.py        45      0   100%
src\gaming_mcp\io\__init__.py             0      0   100%
src\gaming_mcp\skills\__init__.py         0      0   100%
src\gaming_mcp\utils\__init__.py          2      0   100%
src\gaming_mcp\utils\logging.py          30      0   100%
-------------------------------------------------------------------
TOTAL                                   193     19    90%
============================= 10 passed in 0.11s ==============================
