============================= test session starts =============================
platform win32 -- Python 3.12.9, pytest-9.1.1, pluggy-1.6.0 -- C:\Users\david\Desktop\Projects\gaming-mcp\.venv\Scripts\python.exe
cachedir: .pytest_cache
rootdir: C:\Users\david\Desktop\Projects\gaming-mcp
configfile: pyproject.toml
testpaths: tests
plugins: anyio-4.15.1, asyncio-1.4.0, cov-7.1.0
asyncio: mode=Mode.AUTO, debug=False, asyncio_default_fixture_loop_scope=None, asyncio_default_test_loop_scope=function
collecting ... collected 30 items

tests/test_adapters/test_router.py::test_adapter_metadata_and_defaults PASSED [  3%]
tests/test_adapters/test_router.py::test_router_registration_and_listing PASSED [  6%]
tests/test_adapters/test_router.py::test_router_switch_adapter_lifecycle PASSED [ 10%]
tests/test_adapters/test_router.py::test_router_switch_to_missing_adapter PASSED [ 13%]
tests/test_adapters/test_router.py::test_switch_adapter_tool_execution PASSED [ 16%]
tests/test_adapters/test_router.py::test_router_health_check_and_unregister PASSED [ 20%]
tests/test_cancellation.py::test_cancellation_task_lifecycle PASSED      [ 23%]
tests/test_cancellation.py::test_cancellation_triggers_motor_reset PASSED [ 26%]
tests/test_cancellation.py::test_async_cancellation_callback_and_error_tolerance PASSED [ 30%]
tests/test_registries.py::test_tool_registry_registration_and_execution PASSED [ 33%]
tests/test_registries.py::test_tool_registry_exception_handling PASSED   [ 36%]
tests/test_registries.py::test_tool_cancellation_tracking PASSED         [ 40%]
tests/test_registries.py::test_resource_registry_and_subscriptions PASSED [ 43%]
tests/test_registries.py::test_prompt_registry PASSED                    [ 46%]
tests/test_scaffolding.py::test_package_version PASSED                   [ 50%]
tests/test_scaffolding.py::test_default_configuration PASSED             [ 53%]
tests/test_scaffolding.py::test_config_loader_from_file PASSED           [ 56%]
tests/test_scaffolding.py::test_config_loader_env_override PASSED        [ 60%]
tests/test_scaffolding.py::test_cli_argument_parsing PASSED              [ 63%]
tests/test_scaffolding.py::test_typed_exceptions_jsonrpc_mapping PASSED  [ 66%]
tests/test_scaffolding.py::test_structured_logger_formatting PASSED      [ 70%]
tests/test_scaffolding.py::test_structured_formatter_record_fields PASSED [ 73%]
tests/test_scaffolding.py::test_unstructured_logger PASSED               [ 76%]
tests/test_scaffolding.py::test_async_main PASSED                        [ 80%]
tests/test_server.py::test_server_initialization_and_builtins PASSED     [ 83%]
tests/test_server.py::test_server_telemetry_payload PASSED               [ 86%]
tests/test_server.py::test_process_memory_helper PASSED                  [ 90%]
tests/test_server.py::test_server_shutdown_and_motor_reset PASSED        [ 93%]
tests/test_server.py::test_server_transport_dispatch PASSED              [ 96%]
tests/test_server.py::test_server_transport_runners PASSED               [100%]

=============================== tests coverage ================================
_______________ coverage: platform win32, python 3.12.9-final-0 _______________

Name                                  Stmts   Miss  Cover   Missing
-------------------------------------------------------------------
src\gaming_mcp\__init__.py                1      0   100%
src\gaming_mcp\__main__.py               39     17    56%   76-93, 97
src\gaming_mcp\adapters\__init__.py       3      0   100%
src\gaming_mcp\adapters\base.py          31      0   100%
src\gaming_mcp\adapters\router.py       103      8    92%   66-69, 89-90, 158-159
src\gaming_mcp\config.py                 77      2    97%   177, 190
src\gaming_mcp\core\__init__.py           2      0   100%
src\gaming_mcp\core\cancellation.py      42      1    98%   65
src\gaming_mcp\core\exceptions.py        45      0   100%
src\gaming_mcp\core\registries.py       147      7    95%   111, 238-248, 260, 268, 329
src\gaming_mcp\io\__init__.py             0      0   100%
src\gaming_mcp\server.py                119     12    90%   50-52, 84-91, 98-99, 178-179, 255
src\gaming_mcp\skills\__init__.py         0      0   100%
src\gaming_mcp\utils\__init__.py          2      0   100%
src\gaming_mcp\utils\logging.py          30      0   100%
-------------------------------------------------------------------
TOTAL                                   641     47    93%
============================= 30 passed in 1.45s ==============================
